<?xml version="1.0" encoding="UTF-8"?>
<testng-results skipped="0" failed="1" ignored="0" total="1" passed="0">
  <reporter-output>
  </reporter-output>
  <suite name="Default suite" duration-ms="13187" started-at="2020-03-31T23:53:52Z" finished-at="2020-03-31T23:54:05Z">
    <groups>
    </groups>
    <test name="Default test" duration-ms="13187" started-at="2020-03-31T23:53:52Z" finished-at="2020-03-31T23:54:05Z">
      <class name="parameterAnnotation.Parametrization">
        <test-method status="PASS" signature="launchsite()[pri:0, instance:parameterAnnotation.Parametrization@7f560810]" name="launchsite" is-config="true" duration-ms="8757" started-at="2020-03-31T23:53:52Z" finished-at="2020-03-31T23:54:01Z">
          <reporter-output>
          </reporter-output>
        </test-method> <!-- launchsite -->
        <test-method status="FAIL" signature="enterbillinginfo(java.lang.String, java.lang.String, java.lang.String)[pri:0, instance:parameterAnnotation.Parametrization@7f560810]" name="enterbillinginfo" duration-ms="0" started-at="2020-03-31T23:54:01Z" finished-at="2020-03-31T23:54:01Z">
          <exception class="org.testng.TestNGException">
            <message>
              <![CDATA[
Parameter 'email' is required by @Test on method enterbillinginfo but has not been marked @Optional or defined
in C:\Users\visha\AppData\Local\Temp\testng-eclipse--165497703\testng-customsuite.xml]]>
            </message>
            <full-stacktrace>
              <![CDATA[org.testng.TestNGException: 
Parameter 'email' is required by @Test on method enterbillinginfo but has not been marked @Optional or defined
in C:\Users\visha\AppData\Local\Temp\testng-eclipse--165497703\testng-customsuite.xml
at org.testng.internal.Parameters.createParams(Parameters.java:290)
at org.testng.internal.Parameters.createParametersForMethod(Parameters.java:359)
at org.testng.internal.Parameters.createParameters(Parameters.java:620)
at org.testng.internal.Parameters.handleParameters(Parameters.java:769)
at org.testng.internal.ParameterHandler.handleParameters(ParameterHandler.java:49)
at org.testng.internal.ParameterHandler.createParameters(ParameterHandler.java:37)
at org.testng.internal.Invoker.invokeTestMethods(Invoker.java:924)
at org.testng.internal.TestMethodWorker.invokeTestMethods(TestMethodWorker.java:125)
at org.testng.internal.TestMethodWorker.run(TestMethodWorker.java:109)
at org.testng.TestRunner.privateRun(TestRunner.java:648)
at org.testng.TestRunner.run(TestRunner.java:505)
at org.testng.SuiteRunner.runTest(SuiteRunner.java:455)
at org.testng.SuiteRunner.runSequentially(SuiteRunner.java:450)
at org.testng.SuiteRunner.privateRun(SuiteRunner.java:415)
at org.testng.SuiteRunner.run(SuiteRunner.java:364)
at org.testng.SuiteRunnerWorker.runSuite(SuiteRunnerWorker.java:52)
at org.testng.SuiteRunnerWorker.run(SuiteRunnerWorker.java:84)
at org.testng.TestNG.runSuitesSequentially(TestNG.java:1208)
at org.testng.TestNG.runSuitesLocally(TestNG.java:1137)
at org.testng.TestNG.runSuites(TestNG.java:1049)
at org.testng.TestNG.run(TestNG.java:1017)
at org.testng.remote.AbstractRemoteTestNG.run(AbstractRemoteTestNG.java:115)
at org.testng.remote.RemoteTestNG.initAndRun(RemoteTestNG.java:251)
at org.testng.remote.RemoteTestNG.main(RemoteTestNG.java:77)
]]>
            </full-stacktrace>
          </exception> <!-- org.testng.TestNGException -->
          <reporter-output>
          </reporter-output>
        </test-method> <!-- enterbillinginfo -->
        <test-method status="PASS" signature="closebrowser()[pri:0, instance:parameterAnnotation.Parametrization@7f560810]" name="closebrowser" is-config="true" duration-ms="4397" started-at="2020-03-31T23:54:01Z" finished-at="2020-03-31T23:54:05Z">
          <reporter-output>
          </reporter-output>
        </test-method> <!-- closebrowser -->
      </class> <!-- parameterAnnotation.Parametrization -->
    </test> <!-- Default test -->
  </suite> <!-- Default suite -->
</testng-results>
