<?xml version="1.0" encoding="UTF-8"?>
<!-- Generated by org.testng.reporters.JUnitXMLReporter -->
<testsuite hostname="DESKTOP-F0GIQHM" ignored="0" name="Default test" tests="4" failures="0" timestamp="15 Jul 2020 20:40:55 GMT" time="17.874" errors="0">
  <testcase name="setup" time="12.635" classname="gmailtestcases.failedtestcasesscreenshot"/>
  <testcase name="createAC" time="0.617" classname="gmailtestcases.failedtestcasesscreenshot"/>
  <testcase name="names" time="2.525" classname="gmailtestcases.failedtestcasesscreenshot"/>
  <testcase name="username" time="1.202" classname="gmailtestcases.failedtestcasesscreenshot"/>
</testsuite> <!-- Default test -->
